<?xml version="1.0" encoding="UTF-8"?>
<!-- Generated by org.testng.reporters.JUnitReportReporter -->
<testsuite skipped="0" hostname="DESKTOP-F50HBUA" name="qaclickacademy.AppiumTest" tests="2" failures="0" timestamp="2021-01-15T21:41:04 EST" time="0.016" errors="0">
  <testcase name="NativeAppAndroid" time="0.005" classname="qaclickacademy.AppiumTest"/>
  <system-out/>
  <testcase name="IOS" time="0.011" classname="qaclickacademy.AppiumTest"/>
  <system-out/>
</testsuite> <!-- qaclickacademy.AppiumTest -->
