<?xml version="1.0" encoding="UTF-8"?>
<!-- Generated by org.testng.reporters.JUnitReportReporter -->
<testsuite skipped="0" hostname="DESKTOP-F50HBUA" name="qaclickacademy.AppiumTest" tests="2" failures="0" timestamp="2021-01-01T20:41:34 EST" time="0.009" errors="0">
  <testcase name="IOS" time="0.008" classname="qaclickacademy.AppiumTest"/>
  <system-out/>
  <testcase name="NativeAppAndroid" time="0.001" classname="qaclickacademy.AppiumTest"/>
  <system-out/>
</testsuite> <!-- qaclickacademy.AppiumTest -->
